<?xml version="1.0" encoding="UTF-8"?>
<!-- Generated by org.testng.reporters.JUnitReportReporter -->
<testsuite skipped="0" hostname="ZIVLPT243" name="com.appium.script.ScrollOperation" tests="1" failures="0" timestamp="04 Mar 2020 13:40:08 GMT" time="8.910" errors="0">
  <testcase name="ScrollOps" time="8.910" classname="com.appium.script.ScrollOperation"/>
</testsuite> <!-- com.appium.script.ScrollOperation -->
