<?xml version="1.0" encoding="UTF-8"?>
<!-- Generated by org.testng.reporters.JUnitReportReporter -->
<testsuite skipped="1" hostname="ZIVLPT243" name="com.appium.chromescript.GestureLongPress" tests="2" failures="0" timestamp="26 Dec 2020 03:57:37 GMT" time="8.164" errors="0">
  <testcase name="longPressOnElement1" time="8.164" classname="com.appium.chromescript.GestureLongPress"/>
  <testcase name="longPressOnElement" classname="com.appium.chromescript.GestureLongPress">
    <skipped/>
  </testcase> <!-- longPressOnElement -->
</testsuite> <!-- com.appium.chromescript.GestureLongPress -->
