<?xml version="1.0" encoding="UTF-8"?>
<!-- Generated by org.testng.reporters.JUnitReportReporter -->
<testsuite skipped="3" hostname="ZIVLPT243" name="com.appium.chromescript.AndInteractWithApps" tests="4" failures="0" timestamp="26 Dec 2020 13:25:09 GMT" time="8.888" errors="0">
  <testcase name="runAppBackGround" time="8.888" classname="com.appium.chromescript.AndInteractWithApps"/>
  <testcase name="terminateApp" classname="com.appium.chromescript.AndInteractWithApps">
    <skipped/>
  </testcase> <!-- terminateApp -->
  <testcase name="installApp" classname="com.appium.chromescript.AndInteractWithApps">
    <skipped/>
  </testcase> <!-- installApp -->
  <testcase name="isAppInstalled" classname="com.appium.chromescript.AndInteractWithApps">
    <skipped/>
  </testcase> <!-- isAppInstalled -->
</testsuite> <!-- com.appium.chromescript.AndInteractWithApps -->
