<?xml version="1.0" encoding="UTF-8"?>
<!-- Generated by org.testng.reporters.JUnitReportReporter -->
<testsuite skipped="2" hostname="ZIVLPT243" name="com.appium.chromescript.GestureAction" tests="3" failures="0" timestamp="25 Dec 2020 17:21:08 GMT" time="4.126" errors="0">
  <testcase name="tappingOnElementUsingTapOptions" time="4.126" classname="com.appium.chromescript.GestureAction"/>
  <testcase name="tappingOnCoordinates" classname="com.appium.chromescript.GestureAction">
    <skipped/>
  </testcase> <!-- tappingOnCoordinates -->
  <testcase name="tappingOnElement" classname="com.appium.chromescript.GestureAction">
    <skipped/>
  </testcase> <!-- tappingOnElement -->
</testsuite> <!-- com.appium.chromescript.GestureAction -->
