<?xml version="1.0" encoding="UTF-8"?>
<!-- Generated by org.testng.reporters.JUnitReportReporter -->
<testsuite skipped="0" hostname="ZIVLPT243" name="com.appium.script.ApiDemosGesture" tests="1" failures="0" timestamp="04 Mar 2020 13:51:43 GMT" time="380.911" errors="0">
  <testcase name="tapOperationAndLongPress" time="380.911" classname="com.appium.script.ApiDemosGesture"/>
</testsuite> <!-- com.appium.script.ApiDemosGesture -->
