<?xml version="1.0" encoding="UTF-8"?>
<!-- Generated by org.testng.reporters.JUnitReportReporter -->
<testsuite skipped="0" hostname="ZIVLPT243" name="com.appium.chromescript.ApiDemoTest" tests="1" failures="0" timestamp="22 Dec 2020 12:27:00 GMT" time="0.007" errors="0">
  <testcase name="test" time="0.007" classname="com.appium.chromescript.ApiDemoTest"/>
</testsuite> <!-- com.appium.chromescript.ApiDemoTest -->
